<?xml version="1.0" encoding="UTF-8"?>
<!-- Generated by org.testng.reporters.JUnitReportReporter -->
<testsuite hostname="GOWTHAMVASUDEVAN" failures="0" tests="1" name="org.test.Amazonexe" time="29.299" errors="0" timestamp="15 Jan 2021 11:12:44 GMT" skipped="0">
  <testcase classname="org.test.Amazonexe" name="testcase1" time="29.299"/>
</testsuite> <!-- org.test.Amazonexe -->
